{"name": "test_search_for_an_invalid_products", "status": "broken", "statusDetails": {"message": "selenium.common.exceptions.NoSuchElementException: Message: no such element: Unable to locate element: {\"method\":\"xpath\",\"selector\":\"//button[@class='btn btn-default btn-lg1']\"}\n  (Session info: chrome=125.0.6422.142); For documentation on this error, please visit: https://www.selenium.dev/documentation/webdriver/troubleshooting/errors#no-such-element-exception\nStacktrace:\n\tGetHandleVerifier [0x00A4B8E3+45827]\n\t(No symbol) [0x009DDCC4]\n\t(No symbol) [0x008D150F]\n\t(No symbol) [0x009120BC]\n\t(No symbol) [0x0091216B]\n\t(No symbol) [0x0094E0F2]\n\t(No symbol) [0x00932E44]\n\t(No symbol) [0x0094C034]\n\t(No symbol) [0x00932B96]\n\t(No symbol) [0x00906998]\n\t(No symbol) [0x0090751D]\n\tGetHandleVerifier [0x00D04513+2899763]\n\tGetHandleVerifier [0x00D5793D+3240797]\n\tGetHandleVerifier [0x00AD13B4+593364]\n\tGetHandleVerifier [0x00AD82DC+621820]\n\t(No symbol) [0x009E70A4]\n\t(No symbol) [0x009E37A8]\n\t(No symbol) [0x009E3947]\n\t(No symbol) [0x009D59FE]\n\tBaseThreadInitThunk [0x77897BA9+25]\n\tRtlInitializeExceptionChain [0x77D4C10B+107]\n\tRtlClearBits [0x77D4C08F+191]", "trace": "self = <tests.test_search.TestSearch object at 0x0000026F1A487620>\n\n    @allure.severity(allure.severity_level.CRITICAL)\n    def test_search_for_an_invalid_products(self):\n        self.driver.find_element(By.NAME, \"search\").send_keys(\"Honda\")\n>       self.driver.find_element(By.XPATH, \"//button[@class='btn btn-default btn-lg1']\")\n\ntests\\test_search.py:20: \n_ _ _ _ _ _ _ _ _ _ _ _ _ _ _ _ _ _ _ _ _ _ _ _ _ _ _ _ _ _ _ _ _ _ _ _ _ _ _ _ _ _ _ _ _ _ _ _ _ _ _ _ _ _ _ _ _ _ _ _ _ _ _ _ _ _ _ _ _ _ _ _ _ _ _ _ _ _ _ _ _ _ _ _ _ _ _ _ _ _\n.venv\\Lib\\site-packages\\selenium\\webdriver\\remote\\webdriver.py:741: in find_element\n    return self.execute(Command.FIND_ELEMENT, {\"using\": by, \"value\": value})[\"value\"]\n.venv\\Lib\\site-packages\\selenium\\webdriver\\remote\\webdriver.py:347: in execute\n    self.error_handler.check_response(response)\n_ _ _ _ _ _ _ _ _ _ _ _ _ _ _ _ _ _ _ _ _ _ _ _ _ _ _ _ _ _ _ _ _ _ _ _ _ _ _ _ _ _ _ _ _ _ _ _ _ _ _ _ _ _ _ _ _ _ _ _ _ _ _ _ _ _ _ _ _ _ _ _ _ _ _ _ _ _ _ _ _ _ _ _ _ _ _ _ _ _\n\nself = <selenium.webdriver.remote.errorhandler.ErrorHandler object at 0x0000026F1AC59B20>\nresponse = {'status': 404, 'value': '{\"value\":{\"error\":\"no such element\",\"message\":\"no such element: Unable to locate element: {\\...dInitThunk [0x77897BA9+25]\\\\n\\\\tRtlInitializeExceptionChain [0x77D4C10B+107]\\\\n\\\\tRtlClearBits [0x77D4C08F+191]\\\\n\"}}'}\n\n    def check_response(self, response: Dict[str, Any]) -> None:\n        \"\"\"Checks that a JSON response from the WebDriver does not have an\n        error.\n    \n        :Args:\n         - response - The JSON response from the WebDriver server as a dictionary\n           object.\n    \n        :Raises: If the response contains an error message.\n        \"\"\"\n        status = response.get(\"status\", None)\n        if not status or status == ErrorCode.SUCCESS:\n            return\n        value = None\n        message = response.get(\"message\", \"\")\n        screen: str = response.get(\"screen\", \"\")\n        stacktrace = None\n        if isinstance(status, int):\n            value_json = response.get(\"value\", None)\n            if value_json and isinstance(value_json, str):\n                import json\n    \n                try:\n                    value = json.loads(value_json)\n                    if len(value) == 1:\n                        value = value[\"value\"]\n                    status = value.get(\"error\", None)\n                    if not status:\n                        status = value.get(\"status\", ErrorCode.UNKNOWN_ERROR)\n                        message = value.get(\"value\") or value.get(\"message\")\n                        if not isinstance(message, str):\n                            value = message\n                            message = message.get(\"message\")\n                    else:\n                        message = value.get(\"message\", None)\n                except ValueError:\n                    pass\n    \n        exception_class: Type[WebDriverException]\n        e = ErrorCode()\n        error_codes = [item for item in dir(e) if not item.startswith(\"__\")]\n        for error_code in error_codes:\n            error_info = getattr(ErrorCode, error_code)\n            if isinstance(error_info, list) and status in error_info:\n                exception_class = getattr(ExceptionMapping, error_code, WebDriverException)\n                break\n        else:\n            exception_class = WebDriverException\n    \n        if not value:\n            value = response[\"value\"]\n        if isinstance(value, str):\n            raise exception_class(value)\n        if message == \"\" and \"message\" in value:\n            message = value[\"message\"]\n    \n        screen = None  # type: ignore[assignment]\n        if \"screen\" in value:\n            screen = value[\"screen\"]\n    \n        stacktrace = None\n        st_value = value.get(\"stackTrace\") or value.get(\"stacktrace\")\n        if st_value:\n            if isinstance(st_value, str):\n                stacktrace = st_value.split(\"\\n\")\n            else:\n                stacktrace = []\n                try:\n                    for frame in st_value:\n                        line = frame.get(\"lineNumber\", \"\")\n                        file = frame.get(\"fileName\", \"<anonymous>\")\n                        if line:\n                            file = f\"{file}:{line}\"\n                        meth = frame.get(\"methodName\", \"<anonymous>\")\n                        if \"className\" in frame:\n                            meth = f\"{frame['className']}.{meth}\"\n                        msg = \"    at %s (%s)\"\n                        msg = msg % (meth, file)\n                        stacktrace.append(msg)\n                except TypeError:\n                    pass\n        if exception_class == UnexpectedAlertPresentException:\n            alert_text = None\n            if \"data\" in value:\n                alert_text = value[\"data\"].get(\"text\")\n            elif \"alert\" in value:\n                alert_text = value[\"alert\"].get(\"text\")\n            raise exception_class(message, screen, stacktrace, alert_text)  # type: ignore[call-arg]  # mypy is not smart enough here\n>       raise exception_class(message, screen, stacktrace)\nE       selenium.common.exceptions.NoSuchElementException: Message: no such element: Unable to locate element: {\"method\":\"xpath\",\"selector\":\"//button[@class='btn btn-default btn-lg1']\"}\nE         (Session info: chrome=125.0.6422.142); For documentation on this error, please visit: https://www.selenium.dev/documentation/webdriver/troubleshooting/errors#no-such-element-exception\nE       Stacktrace:\nE       \tGetHandleVerifier [0x00A4B8E3+45827]\nE       \t(No symbol) [0x009DDCC4]\nE       \t(No symbol) [0x008D150F]\nE       \t(No symbol) [0x009120BC]\nE       \t(No symbol) [0x0091216B]\nE       \t(No symbol) [0x0094E0F2]\nE       \t(No symbol) [0x00932E44]\nE       \t(No symbol) [0x0094C034]\nE       \t(No symbol) [0x00932B96]\nE       \t(No symbol) [0x00906998]\nE       \t(No symbol) [0x0090751D]\nE       \tGetHandleVerifier [0x00D04513+2899763]\nE       \tGetHandleVerifier [0x00D5793D+3240797]\nE       \tGetHandleVerifier [0x00AD13B4+593364]\nE       \tGetHandleVerifier [0x00AD82DC+621820]\nE       \t(No symbol) [0x009E70A4]\nE       \t(No symbol) [0x009E37A8]\nE       \t(No symbol) [0x009E3947]\nE       \t(No symbol) [0x009D59FE]\nE       \tBaseThreadInitThunk [0x77897BA9+25]\nE       \tRtlInitializeExceptionChain [0x77D4C10B+107]\nE       \tRtlClearBits [0x77D4C08F+191]\n\n.venv\\Lib\\site-packages\\selenium\\webdriver\\remote\\errorhandler.py:229: NoSuchElementException"}, "start": 1718420624506, "stop": 1718420625648, "uuid": "3903054a-66ef-4b6b-8b4c-129bdcc85f8c", "historyId": "976f2c99b0f02e212e20ae48c058263d", "testCaseId": "976f2c99b0f02e212e20ae48c058263d", "fullName": "tests.test_search.TestSearch#test_search_for_an_invalid_products", "labels": [{"name": "severity", "value": "critical"}, {"name": "tag", "value": "@pytest.mark.usefixtures('setup', 'log_on_failure')"}, {"name": "parentSuite", "value": "tests"}, {"name": "suite", "value": "test_search"}, {"name": "subSuite", "value": "TestSearch"}, {"name": "host", "value": "LAPTOP-CKTEL3O8"}, {"name": "thread", "value": "2716-MainThread"}, {"name": "framework", "value": "pytest"}, {"name": "language", "value": "cpython3"}, {"name": "package", "value": "tests.test_search"}]}